LOG:  database system was shut down at 2019-04-10 16:42:22 CEST
LOG:  MultiXact member wraparound protections are now enabled
LOG:  database system is ready to accept connections
LOG:  autovacuum launcher started
ERROR:  column "domainhome" of relation "domain" already exists
STATEMENT:  ALTER TABLE domain ADD COLUMN domainHome varchar(1000) DEFAULT NULL
ERROR:  current transaction is aborted, commands ignored until end of transaction block
STATEMENT:  ALTER TABLE ActivityLoggingStats ADD COLUMN activityInput text DEFAULT NULL
ERROR:  column "domainhome" of relation "domain" already exists
STATEMENT:  ALTER TABLE domain ADD COLUMN domainHome varchar(1000) DEFAULT NULL
ERROR:  current transaction is aborted, commands ignored until end of transaction block
STATEMENT:  ALTER TABLE ActivityLoggingStats ADD COLUMN activityInput text DEFAULT NULL
LOG:  received SIGHUP, reloading configuration files
ERROR:  column "domainhome" of relation "domain" already exists
STATEMENT:  ALTER TABLE domain ADD COLUMN domainHome varchar(1000) DEFAULT NULL
ERROR:  current transaction is aborted, commands ignored until end of transaction block
STATEMENT:  ALTER TABLE ActivityLoggingStats ADD COLUMN activityInput text DEFAULT NULL
ERROR:  column "domainhome" of relation "domain" already exists
STATEMENT:  ALTER TABLE domain ADD COLUMN domainHome varchar(1000) DEFAULT NULL
ERROR:  current transaction is aborted, commands ignored until end of transaction block
STATEMENT:  ALTER TABLE ActivityLoggingStats ADD COLUMN activityInput text DEFAULT NULL
ERROR:  column "domainhome" of relation "domain" already exists
STATEMENT:  ALTER TABLE domain ADD COLUMN domainHome varchar(1000) DEFAULT NULL
ERROR:  current transaction is aborted, commands ignored until end of transaction block
STATEMENT:  ALTER TABLE ActivityLoggingStats ADD COLUMN activityInput text DEFAULT NULL
LOG:  received fast shutdown request
LOG:  aborting any active transactions
LOG:  autovacuum launcher shutting down
LOG:  shutting down
LOG:  database system is shut down
