
TIBCO Enterprise Message Service.
Copyright 2003-2017 by TIBCO Software Inc.
All rights reserved.

Version 8.4.0 V14 7/20/2017

2019-04-11 00:08:57.826 Process started from '/opt/tibco/EMS840/ems/8.4/bin/tibemsd64'.
2019-04-11 00:08:57.827 Process Id: 4125
2019-04-11 00:08:57.827 Hostname: MacBookHicham.local
2019-04-11 00:08:57.827 Hostname IP address: 172.20.10.3
2019-04-11 00:08:57.827 Hostname IP address: 172.20.10.3
2019-04-11 00:08:57.827 Reading configuration from 'tibemsd.conf'.
2019-04-11 00:08:57.829 Server name: 'E4EMS-SERVER'.
2019-04-11 00:08:57.829 Storage Location: '.'.
2019-04-11 00:08:57.829 Routing is disabled.
2019-04-11 00:08:57.829 Authorization is disabled.
2019-04-11 00:08:57.829 The server will attempt to trace warnings about destinations that are growing unbounded above 52428800 bytes or 50000 messages.
2019-04-11 00:08:57.829 Set server properties 'large_destination_memory' and 'large_destination_count' respectively to alter these thresholds.
2019-04-11 00:08:57.830 ERROR: Binding connection to TCP port 7222 failed:48 (Address already in use).
2019-04-11 00:08:57.830 FATAL: Unable to accept connections on tcp://MacBookHicham.local:7222 - Error 201 - Initialization failed
2019-04-11 00:08:57.830 FATAL: Exceptio2019-04-11 08:36:42.007 WARNING: Slow clock tick 24859 seconds, delayed messaging and timeouts may occur. System appears overloaded.
2019-04-11 12:42:22.007 WARNING: Slow clock tick 241 seconds, delayed messaging and timeouts may occur. System appears overloaded.
2019-04-11 13:04:27.006 WARNING: Slow clock tick 1275 seconds, delayed messaging and timeouts may occur. System appears overloaded.
2019-04-11 14:05:01.010 WARNING: Slow clock tick 3596 seconds, delayed messaging and timeouts may occur. System appears overloaded.
2019-04-11 14:19:05.008 WARNING: Slow clock tick 229 seconds, delayed messaging and timeouts may occur. System appears overloaded.
2019-04-11 14:37:55.008 WARNING: Slow clock tick 742 seconds, delayed messaging and timeouts may occur. System appears overloaded.
2019-04-11 14:42:10.005 WARNING: Slow clock tick 106 seconds, delayed messaging and timeouts may occur. System appears overloaded.
2019-04-11 14:48:15.007 WARNING: Slow clock tick 185 seconds, delayed messaging and timeouts may occur. System appears overloaded.
2019-04-11 16:13:30.006 WARNING: Slow clock tick 3394 seconds, delayed messaging and timeouts may occur. System appears overloaded.
2019-04-11 19:30:02.007 WARNING: Slow clock tick 11727 seconds, delayed messaging and timeouts may occur. System appears overloaded.
2019-04-11 20:13:01.237 WARNING: Slow clock tick 2568 seconds, delayed messaging and timeouts may occur. System appears overloaded.
2019-04-11 22:13:37.124 WARNING: Slow clock tick 7199 seconds, delayed messaging and timeouts may occur. System appears overloaded.
2019-04-12 00:13:52.114 WARNING: Slow clock tick 7203 seconds, delayed messaging and timeouts may occur. System appears overloaded.
2019-04-12 02:14:07.141 WARNING: Slow clock tick 7204 seconds, delayed messaging and timeouts may occur. System appears overloaded.
2019-04-12 03:17:54.146 WARNING: Slow clock tick 3816 seconds, delayed messaging and timeouts may occur. System appears overloaded.
2019-04-12 08:00:06.108 WARNING: Slow clock tick 16902 seconds, delayed messaging and timeouts may occur. System appears overloaded.
2019-04-12 09:50:53.006 WARNING: Slow clock tick 6637 seconds, delayed messaging and timeouts may occur. System appears overloaded.
2019-04-12 19:11:35.005 WARNING: Slow clock tick 1192 seconds, delayed messaging and timeouts may occur. System appears overloaded.
2019-04-12 19:42:27.005 WARNING: Slow clock tick 1798 seconds, delayed messaging and timeouts may occur. System appears overloaded.
2019-04-12 21:43:19.006 WARNING: Slow clock tick 7201 seconds, delayed messaging and timeouts may occur. System appears overloaded.
2019-04-12 22:04:11.006 WARNING: Slow clock tick 1191 seconds, delayed messaging and timeouts may occur. System appears overloaded.
2019-04-12 22:24:55.007 WARNING: Slow clock tick 1191 seconds, delayed messaging and timeouts may occur. System appears overloaded.
2019-04-12 23:03:03.006 WARNING: Slow clock tick 2235 seconds, delayed messaging and timeouts may occur. System appears overloaded.
2019-04-12 23:23:46.007 WARNING: Slow clock tick 1191 seconds, delayed messaging and timeouts may occur. System appears overloaded.
2019-04-12 23:44:32.008 WARNING: Slow clock tick 1193 seconds, delayed messaging and timeouts may occur. System appears overloaded.
2019-04-13 00:05:15.012 WARNING: Slow clock tick 1192 seconds, delayed messaging and timeouts may occur. System appears overloaded.
2019-04-13 00:25:59.006 WARNING: Slow clock tick 1191 seconds, delayed messaging and timeouts may occur. System appears overloaded.
2019-04-13 00:46:44.007 WARNING: Slow clock tick 1193 seconds, delayed messaging and timeouts may occur. System appears overloaded.
2019-04-13 01:07:29.007 WARNING: Slow clock tick 1192 seconds, delayed messaging and timeouts may occur. System appears overloaded.
2019-04-13 01:28:13.010 WARNING: Slow clock tick 1192 seconds, delayed messaging and timeouts may occur. System appears overloaded.
2019-04-13 01:48:57.007 WARNING: Slow clock tick 1192 seconds, delayed messaging and timeouts may occur. System appears overloaded.
2019-04-13 03:49:49.007 WARNING: Slow clock tick 7199 seconds, delayed messaging and timeouts may occur. System appears overloaded.
2019-04-13 07:00:01.008 WARNING: Slow clock tick 11345 seconds, delayed messaging and timeouts may occur. System appears overloaded.
2019-04-13 08:15:15.004 WARNING: Slow clock tick 890 seconds, delayed messaging and timeouts may occur. System appears overloaded.
2019-04-13 08:30:58.005 WARNING: Slow clock tick 889 seconds, delayed messaging and timeouts may occur. System appears overloaded.
2019-04-13 08:46:39.007 WARNING: Slow clock tick 888 seconds, delayed messaging and timeouts may occur. System appears overloaded.
2019-04-13 09:02:21.007 WARNING: Slow clock tick 889 seconds, delayed messaging and timeouts may occur. System appears overloaded.
2019-04-13 09:18:02.008 WARNING: Slow clock tick 888 seconds, delayed messaging and timeouts may occur. System appears overloaded.
2019-04-13 09:33:43.007 WARNING: Slow clock tick 888 seconds, delayed messaging and timeouts may occur. System appears overloaded.
2019-04-13 09:49:24.006 WARNING: Slow clock tick 888 seconds, delayed messaging and timeouts may occur. System appears overloaded.
2019-04-13 10:05:06.007 WARNING: Slow clock tick 889 seconds, delayed messaging and timeouts may occur. System appears overloaded.
2019-04-13 10:20:48.007 WARNING: Slow clock tick 889 seconds, delayed messaging and timeouts may occur. System appears overloaded.
2019-04-13 10:36:30.007 WARNING: Slow clock tick 889 seconds, delayed messaging and timeouts may occur. System appears overloaded.
2019-04-13 10:52:11.007 WARNING: Slow clock tick 889 seconds, delayed messaging and timeouts may occur. System appears overloaded.
2019-04-13 11:22:12.006 WARNING: Slow clock tick 1748 seconds, delayed messaging and timeouts may occur. System appears overloaded.
2019-04-13 11:37:54.008 WARNING: Slow clock tick 890 seconds, delayed messaging and timeouts may occur. System appears overloaded.
2019-04-13 11:53:36.006 WARNING: Slow clock tick 889 seconds, delayed messaging and timeouts may occur. System appears overloaded.
2019-04-13 12:23:37.007 WARNING: Slow clock tick 1750 seconds, delayed messaging and timeouts may occur. System appears overloaded.
2019-04-13 14:24:29.007 WARNING: Slow clock tick 7199 seconds, delayed messaging and timeouts may occur. System appears overloaded.
2019-04-13 16:25:20.007 WARNING: Slow clock tick 7199 seconds, delayed messaging and timeouts may occur. System appears overloaded.
2019-04-13 17:20:51.008 WARNING: Slow clock tick 3278 seconds, delayed messaging and timeouts may occur. System appears overloaded.
2019-04-13 19:21:43.006 WARNING: Slow clock tick 7199 seconds, delayed messaging and timeouts may occur. System appears overloaded.
2019-04-13 20:50:16.007 WARNING: Slow clock tick 5260 seconds, delayed messaging and timeouts may occur. System appears overloaded.
2019-04-13 21:17:16.006 WARNING: Slow clock tick 1567 seconds, delayed messaging and timeouts may occur. System appears overloaded.
2019-04-13 21:33:00.006 WARNING: Slow clock tick 890 seconds, delayed messaging and timeouts may occur. System appears overloaded.
2019-04-13 22:18:08.006 WARNING: Slow clock tick 2656 seconds, delayed messaging and timeouts may occur. System appears overloaded.
2019-04-13 22:33:51.008 WARNING: Slow clock tick 890 seconds, delayed messaging and timeouts may occur. System appears overloaded.
2019-04-13 22:49:32.007 WARNING: Slow clock tick 889 seconds, delayed messaging and timeouts may occur. System appears overloaded.
2019-04-14 00:50:24.012 WARNING: Slow clock tick 7200 seconds, delayed messaging and timeouts may occur. System appears overloaded.
2019-04-14 02:51:16.007 WARNING: Slow clock tick 7200 seconds, delayed messaging and timeouts may occur. System appears overloaded.
2019-04-14 08:02:40.008 WARNING: Slow clock tick 18612 seconds, delayed messaging and timeouts may occur. System appears overloaded.
2019-04-14 10:03:32.006 WARNING: Slow clock tick 7199 seconds, delayed messaging and timeouts may occur. System appears overloaded.
2019-04-14 12:04:23.007 WARNING: Slow clock tick 7200 seconds, delayed messaging and timeouts may occur. System appears overloaded.
2019-04-14 14:05:16.007 WARNING: Slow clock tick 7201 seconds, delayed messaging and timeouts may occur. System appears overloaded.
2019-04-14 14:15:00.006 WARNING: Slow clock tick 532 seconds, delayed messaging and timeouts may occur. System appears overloaded.
2019-04-14 16:34:23.007 WARNING: Slow clock tick 4758 seconds, delayed messaging and timeouts may occur. System appears overloaded.
2019-04-14 18:35:17.015 WARNING: Slow clock tick 7200 seconds, delayed messaging and timeouts may occur. System appears overloaded.
2019-04-14 20:36:09.007 WARNING: Slow clock tick 7200 seconds, delayed messaging and timeouts may occur. System appears overloaded.
2019-04-14 21:42:31.008 WARNING: Slow clock tick 3929 seconds, delayed messaging and timeouts may occur. System appears overloaded.
2019-04-14 23:43:24.007 WARNING: Slow clock tick 7199 seconds, delayed messaging and timeouts may occur. System appears overloaded.
2019-04-15 00:23:52.014 WARNING: Slow clock tick 2377 seconds, delayed messaging and timeouts may occur. System appears overloaded.
2019-04-15 02:24:44.010 WARNING: Slow clock tick 7199 seconds, delayed messaging and timeouts may occur. System appears overloaded.
2019-04-15 07:41:22.011 WARNING: Slow clock tick 18929 seconds, delayed messaging and timeouts may occur. System appears overloaded.
2019-04-15 09:30:01.008 WARNING: Slow clock tick 6467 seconds, delayed messaging and timeouts may occur. System appears overloaded.
2019-04-15 23:13:36.007 WARNING: Slow clock tick 891 seconds, delayed messaging and timeouts may occur. System appears overloaded.
2019-04-15 23:29:19.010 WARNING: Slow clock tick 890 seconds, delayed messaging and timeouts may occur. System appears overloaded.
2019-04-15 23:45:02.010 WARNING: Slow clock tick 890 seconds, delayed messaging and timeouts may occur. System appears overloaded.
2019-04-16 00:00:44.010 WARNING: Slow clock tick 889 seconds, delayed messaging and timeouts may occur. System appears overloaded.
2019-04-16 00:16:26.013 WARNING: Slow clock tick 890 seconds, delayed messaging and timeouts may occur. System appears overloaded.
2019-04-16 00:32:07.010 WARNING: Slow clock tick 889 seconds, delayed messaging and timeouts may occur. System appears overloaded.
2019-04-16 00:47:50.008 WARNING: Slow clock tick 889 seconds, delayed messaging and timeouts may occur. System appears overloaded.
2019-04-16 01:03:32.010 WARNING: Slow clock tick 889 seconds, delayed messaging and timeouts may occur. System appears overloaded.
2019-04-16 01:33:32.013 WARNING: Slow clock tick 1747 seconds, delayed messaging and timeouts may occur. System appears overloaded.
2019-04-16 03:34:25.009 WARNING: Slow clock tick 7200 seconds, delayed messaging and timeouts may occur. System appears overloaded.
2019-04-16 07:16:16.011 WARNING: Slow clock tick 13244 seconds, delayed messaging and timeouts may occur. System appears overloaded.
2019-04-16 07:28:35.013 WARNING: Slow clock tick 688 seconds, delayed messaging and timeouts may occur. System appears overloaded.
2019-04-16 08:15:01.008 WARNING: Slow clock tick 2733 seconds, delayed messaging and timeouts may occur. System appears overloaded.
2019-04-16 09:26:35.009 WARNING: Slow clock tick 688 seconds, delayed messaging and timeouts may occur. System appears overloaded.
2019-04-16 09:38:57.008 WARNING: Slow clock tick 689 seconds, delayed messaging and timeouts may occur. System appears overloaded.
2019-04-16 09:45:03.009 WARNING: Slow clock tick 314 seconds, delayed messaging and timeouts may occur. System appears overloaded.
2019-04-17 11:44:42.947 Server shutting down.
Closing transports......OK
Closing connections.....OK
Closing storage.........OK
2019-04-17 11:44:42.979 Shutdown complete.
